<?xml version="1.0" encoding="UTF-8"?>
<testsuite xmlns:xsi="http://www.w3.org/2001/XMLSchema-instance" xsi:noNamespaceSchemaLocation="https://maven.apache.org/surefire/maven-surefire-plugin/xsd/surefire-test-report-3.0.xsd" version="3.0" name="Testing a basic scenario in Flink" time="28.14" tests="2" errors="0" skipped="0" failures="0">
  <properties>
[...]
</properties>
  <testcase name="Testing a basic scenario in Flink" classname="Testing a basic scenario in Flink" time="27.545">
    <system-out><![CDATA[@tag

Feature: Testing a basic scenario in Flink



  @tag @TestScenario

  Scenario: Testing a basic scenario in Flink                                    # FeatureFiles/FlinkAutomation.feature:5

    Given User navigates to "Flink" webpage                                      # StepDefinations.hitURL(String)

    Then User "can" see "Current_temperature" text                               # StepDefinations.validate(String,String)

    And User "can" see "Moisturizers" text                                       # StepDefinations.validate(String,String)

    And User "can" see "Sunscreens" text                                         # StepDefinations.validate(String,String)

    When User selects "Buy_moisturizers" or "Buy_sunscreens" based on temparture # StepDefinations.selectMoistOrSun(String,String)

    Then User "can" see "MoisturizersOrSunscreens" text                          # StepDefinations.validate(String,String)

    And User "can" see "Cart" text                                               # StepDefinations.validate(String,String)

    When User select least expensive "SPF50OrAloe" item                          # StepDefinations.selectItem(String)

    And User select least expensive "SPF30OrAlmond" item                         # StepDefinations.selectItem(String)

    And User clicks on "Cart"                                                    # StepDefinations.clickAnything(String)

    Then User verifies the "ItemAndPrice" table                                  # StepDefinations.verifyItemPriceTable(String)

    And User verifies the "Total"                                                # StepDefinations.verifyTotal(String)

    When User clicks on "PayWithCard"                                            # StepDefinations.clickAnything(String)

    And User switches to "Stripe" frame                                          # StepDefinations.switchToFrame(String)

    And User enters "test@gamil.com" in "emailId"                                # StepDefinations.enterData(String,String)

    And User enters "4242 4242 4242 4242" in "card_number"                       # StepDefinations.enterData(String,String)

    And User enters "10/25" in "monthYear"                                       # StepDefinations.enterData(String,String)

    And User enters "007" in "cvc"                                               # StepDefinations.enterData(String,String)

    And User enters "12345" in "zipCode"                                         # StepDefinations.enterData(String,String)

    And User click on "PayInr"                                                   # StepDefinations.clickJS(String)

    And User switches out of "Stripe" frame                                      # StepDefinations.switchOutOfFrame(String)

    Then User "can" see "paymentSuccess" text                                    # StepDefinations.validate(String,String)

    And User "can" see "paymentText" text                                        # StepDefinations.validate(String,String)



@tag

Feature: Testing a basic scenario in Flink



  @tag @TestScenario

  Scenario: Testing a basic scenario in Flink                                    # FeatureFiles/Test.feature:5

    Given User navigates to "Flink" webpage                                      # StepDefinations.hitURL(String)

    Then User "can" see "Current_temperature" text                               # StepDefinations.validate(String,String)

    And User "can" see "Moisturizers" text                                       # StepDefinations.validate(String,String)

    And User "can" see "Sunscreens" text                                         # StepDefinations.validate(String,String)

    When User selects "Buy_moisturizers" or "Buy_sunscreens" based on temparture # StepDefinations.selectMoistOrSun(String,String)

    Then User "can" see "MoisturizersOrSunscreens" text                          # StepDefinations.validate(String,String)

    And User "can" see "Cart" text                                               # StepDefinations.validate(String,String)

    When User select least expensive "SPF50OrAloe" item                          # StepDefinations.selectItem(String)

    And User select least expensive "SPF30OrAlmond" item                         # StepDefinations.selectItem(String)

    And User clicks on "Cart"                                                    # StepDefinations.clickAnything(String)

    Then User verifies the "ItemAndPrice" table                                  # StepDefinations.verifyItemPriceTable(String)

    And User verifies the "Total"                                                # StepDefinations.verifyTotal(String)

    When User clicks on "PayWithCard"                                            # StepDefinations.clickAnything(String)

    And User switches to "Stripe" frame                                          # StepDefinations.switchToFrame(String)

    And User enters "test@gamil.com" in "emailId"                                # StepDefinations.enterData(String,String)

    And User enters "4242 4242 4242 4242" in "card_number"                       # StepDefinations.enterData(String,String)

    And User enters "10/25" in "monthYear"                                       # StepDefinations.enterData(String,String)

    And User enters "007" in "cvc"                                               # StepDefinations.enterData(String,String)

    And User enters "12345" in "zipCode"                                         # StepDefinations.enterData(String,String)

    And User click on "PayInr"                                                   # StepDefinations.clickJS(String)

    And User switches out of "Stripe" frame                                      # StepDefinations.switchOutOfFrame(String)

    Then User "can" see "paymentSuccess" text                                    # StepDefinations.validate(String,String)

    And User "can" see "paymentText" text                                        # StepDefinations.validate(String,String)


2
 Scenarios (
2 passed
)
46
 Steps (
46 passed
)
0m
28.252s

]]></system-out>
    <system-err><![CDATA[SLF4J: Failed to load class "org.slf4j.impl.StaticLoggerBinder".
SLF4J: Defaulting to no-operation (NOP) logger implementation
SLF4J: See http://www.slf4j.org/codes.html#StaticLoggerBinder for further details.
1638098402589	geckodriver	INFO	Listening on 127.0.0.1:60444
1638098402852	mozrunner::runner	INFO	Running command: "/Applications/Firefox.app/Contents/MacOS/firefox-bin" "--marionette" "start-maximized" "enable-automation" "--no-sandbox" "--disable-infobars" "--disable-dev-shm-usage" "--disable-browser-side-navigation" "--disable-gpu" "--remote-debugging-port" "59650" "-foreground" "-no-remote" "-profile" "/var/folders/vm/jcm72h_579g81z43z0bsl1kh0000gq/T/rust_mozprofileVLNaBV"
1638098403346	Marionette	INFO	Marionette enabled
2021-11-28 12:20:04.071 firefox-bin[5951:99922] Warning: Expected min height of view: (<NSButton: 0x12c458c00>) to be less than or equal to 30 but got a height of 32.000000. This error will be logged once per view in violation.
2021-11-28 12:20:04.072 firefox-bin[5951:99922] Warning: Expected min height of view: (<NSButton: 0x12c45d400>) to be less than or equal to 30 but got a height of 32.000000. This error will be logged once per view in violation.
2021-11-28 12:20:04.073 firefox-bin[5951:99922] Warning: Expected min height of view: (<NSButton: 0x12c462800>) to be less than or equal to 30 but got a height of 32.000000. This error will be logged once per view in violation.
2021-11-28 12:20:04.073 firefox-bin[5951:99922] Warning: Expected min height of view: (<NSButton: 0x12c45cc00>) to be less than or equal to 30 but got a height of 32.000000. This error will be logged once per view in violation.
2021-11-28 12:20:04.074 firefox-bin[5951:99922] Warning: Expected min height of view: (<NSButton: 0x12c460400>) to be less than or equal to 30 but got a height of 32.000000. This error will be logged once per view in violation.
2021-11-28 12:20:04.074 firefox-bin[5951:99922] Warning: Expected min height of view: (<NSPopoverTouchBarItemButton: 0x12c463400>) to be less than or equal to 30 but got a height of 32.000000. This error will be logged once per view in violation.
2021-11-28 12:20:04.075 firefox-bin[5951:99922] Warning: Expected min height of view: (<NSPopoverTouchBarItemButton: 0x12c96c400>) to be less than or equal to 30 but got a height of 32.000000. This error will be logged once per view in violation.
console.warn: SearchSettings: "get: No settings file exists, new profile?" (new NotFoundError("Could not open the file at /var/folders/vm/jcm72h_579g81z43z0bsl1kh0000gq/T/rust_mozprofileVLNaBV/search.json.mozlz4", (void 0)))
console.error: BackgroundUpdate: 
  _reasonsToNotScheduleUpdates: Failed to check for Maintenance Service Registry Key: [Exception... "Component returned failure code: 0x80004001 (NS_ERROR_NOT_IMPLEMENTED) [nsIUpdateProcessor.getServiceRegKeyExists]"  nsresult: "0x80004001 (NS_ERROR_NOT_IMPLEMENTED)"  location: "JS frame :: resource://gre/modules/BackgroundUpdate.jsm :: _reasonsToNotScheduleUpdates :: line 243"  data: no]
DevTools listening on ws://localhost:59650/devtools/browser/4c58eb51-1554-6c45-8546-e821f3a6b5fa
1638098405697	Marionette	INFO	Listening on port 55703
1638098405741	RemoteAgent	WARN	TLS certificate errors will be ignored for this session
Nov 28, 2021 12:20:05 PM org.openqa.selenium.remote.ProtocolHandshake createSession
INFO: Detected dialect: W3C
JavaScript error: resource://gre/modules/XULStore.jsm, line 66: Error: Can't find profile directory.
JavaScript error: resource://gre/modules/XULStore.jsm, line 66: Error: Can't find profile directory.
Nov 28, 2021 12:20:29 PM org.openqa.selenium.devtools.CdpVersionFinder findNearestMatch
INFO: Found exact CDP implementation for version 85
]]></system-err>
  </testcase>
  <testcase name="Testing a basic scenario in Flink" classname="Testing a basic scenario in Flink" time="28.139">
    <system-err><![CDATA[1638098402589	geckodriver	INFO	Listening on 127.0.0.1:56339
1638098402852	mozrunner::runner	INFO	Running command: "/Applications/Firefox.app/Contents/MacOS/firefox-bin" "--marionette" "start-maximized" "enable-automation" "--no-sandbox" "--disable-infobars" "--disable-dev-shm-usage" "--disable-browser-side-navigation" "--disable-gpu" "--remote-debugging-port" "53735" "-foreground" "-no-remote" "-profile" "/var/folders/vm/jcm72h_579g81z43z0bsl1kh0000gq/T/rust_mozprofilexFNpYQ"
1638098403350	Marionette	INFO	Marionette enabled
2021-11-28 12:20:04.061 firefox-bin[5950:99921] Warning: Expected min height of view: (<NSButton: 0x12e6ebc00>) to be less than or equal to 30 but got a height of 32.000000. This error will be logged once per view in violation.
2021-11-28 12:20:04.062 firefox-bin[5950:99921] Warning: Expected min height of view: (<NSButton: 0x12e6e6000>) to be less than or equal to 30 but got a height of 32.000000. This error will be logged once per view in violation.
2021-11-28 12:20:04.062 firefox-bin[5950:99921] Warning: Expected min height of view: (<NSButton: 0x12e6eb000>) to be less than or equal to 30 but got a height of 32.000000. This error will be logged once per view in violation.
2021-11-28 12:20:04.063 firefox-bin[5950:99921] Warning: Expected min height of view: (<NSButton: 0x12e6e7800>) to be less than or equal to 30 but got a height of 32.000000. This error will be logged once per view in violation.
2021-11-28 12:20:04.063 firefox-bin[5950:99921] Warning: Expected min height of view: (<NSButton: 0x11309ec00>) to be less than or equal to 30 but got a height of 32.000000. This error will be logged once per view in violation.
2021-11-28 12:20:04.064 firefox-bin[5950:99921] Warning: Expected min height of view: (<NSPopoverTouchBarItemButton: 0x12e6e8800>) to be less than or equal to 30 but got a height of 32.000000. This error will be logged once per view in violation.
2021-11-28 12:20:04.065 firefox-bin[5950:99921] Warning: Expected min height of view: (<NSPopoverTouchBarItemButton: 0x12ebf7400>) to be less than or equal to 30 but got a height of 32.000000. This error will be logged once per view in violation.
console.warn: SearchSettings: "get: No settings file exists, new profile?" (new NotFoundError("Could not open the file at /var/folders/vm/jcm72h_579g81z43z0bsl1kh0000gq/T/rust_mozprofilexFNpYQ/search.json.mozlz4", (void 0)))
console.error: BackgroundUpdate: 
  _reasonsToNotScheduleUpdates: Failed to check for Maintenance Service Registry Key: [Exception... "Component returned failure code: 0x80004001 (NS_ERROR_NOT_IMPLEMENTED) [nsIUpdateProcessor.getServiceRegKeyExists]"  nsresult: "0x80004001 (NS_ERROR_NOT_IMPLEMENTED)"  location: "JS frame :: resource://gre/modules/BackgroundUpdate.jsm :: _reasonsToNotScheduleUpdates :: line 243"  data: no]
DevTools listening on ws://localhost:53735/devtools/browser/3ff11431-ab3c-c541-8b93-145a3029c3f1
1638098405564	Marionette	INFO	Listening on port 55704
1638098405637	RemoteAgent	WARN	TLS certificate errors will be ignored for this session
Nov 28, 2021 12:20:05 PM org.openqa.selenium.remote.ProtocolHandshake createSession
INFO: Detected dialect: W3C
JavaScript error: resource://gre/modules/XULStore.jsm, line 66: Error: Can't find profile directory.
JavaScript error: resource://gre/modules/XULStore.jsm, line 66: Error: Can't find profile directory.
Nov 28, 2021 12:20:30 PM org.openqa.selenium.devtools.CdpVersionFinder findNearestMatch
INFO: Found exact CDP implementation for version 85
]]></system-err>
  </testcase>
</testsuite>